# JRE version: OpenJDK Runtime Environment Temurin-21.0.5+11 (21.0.5+11) (build 21.0.5+11-LTS)
# Java VM: OpenJDK 64-Bit Server VM Temurin-21.0.5+11 (21.0.5+11-LTS, mixed mode, emulated-client, sharing, tiered, compressed oops, compressed class ptrs, g1 gc, windows-amd64)
GC Precious Log:
 CardTable entry size: 512
 Card Set container configuration: InlinePtr #cards 5 size 8 Array Of Cards #cards 12 size 40 Howl #buckets 4 coarsen threshold 1843 Howl Bitmap #cards 512 size 80 coarsen threshold 460 Card regions per heap region 1 cards per card region 2048
 CPUs: 8 total, 8 available
 Memory: 5965M
 Large Page Support: Disabled
 NUMA Support: Disabled
 Compressed Oops: Enabled (32-bit)
 Heap Region Size: 1M
 Heap Min Capacity: 8M
 Heap Initial Capacity: 94M
 Heap Max Capacity: 1492M
 Pre-touch: Disabled
 Parallel Workers: 8
 Concurrent Workers: 2
 Concurrent Refinement Workers: 8
 Periodic GC: Disabled
Heap:
 garbage-first heap   total 66560K, used 50320K [0x00000000a2c00000, 0x0000000100000000)
  region size 1024K, 21 young (21504K), 2 survivors (2048K)
 Metaspace       used 71237K, committed 72000K, reserved 1114112K
  class space    used 9991K, committed 10368K, reserved 1048576K
GC Heap History (20 events):
Event: 8.812 GC heap after
{Heap after GC invocations=13 (full 0):
 garbage-first heap   total 55296K, used 27726K [0x00000000a2c00000, 0x0000000100000000)
  region size 1024K, 2 young (2048K), 2 survivors (2048K)
 Metaspace       used 57398K, committed 58112K, reserved 1114112K
  class space    used 7968K, committed 8320K, reserved 1048576K
}
Event: 10.009 GC heap before
{Heap before GC invocations=14 (full 0):
 garbage-first heap   total 55296K, used 47182K [0x00000000a2c00000, 0x0000000100000000)
  region size 1024K, 22 young (22528K), 2 survivors (2048K)
 Metaspace       used 61391K, committed 62144K, reserved 1114112K
  class space    used 8610K, committed 8960K, reserved 1048576K
}
Event: 10.013 GC heap after
{Heap after GC invocations=15 (full 0):
 garbage-first heap   total 66560K, used 29065K [0x00000000a2c00000, 0x0000000100000000)
  region size 1024K, 3 young (3072K), 3 survivors (3072K)
 Metaspace       used 61391K, committed 62144K, reserved 1114112K
  class space    used 8610K, committed 8960K, reserved 1048576K
}
Event: 11.287 GC heap before
{Heap before GC invocations=15 (full 0):
 garbage-first heap   total 66560K, used 58761K [0x00000000a2c00000, 0x0000000100000000)
  region size 1024K, 32 young (32768K), 3 survivors (3072K)
 Metaspace       used 65442K, committed 66176K, reserved 1114112K
  class space    used 9129K, committed 9472K, reserved 1048576K
}
Event: 11.292 GC heap after
{Heap after GC invocations=16 (full 0):
 garbage-first heap   total 66560K, used 31032K [0x00000000a2c00000, 0x0000000100000000)
  region size 1024K, 4 young (4096K), 4 survivors (4096K)
 Metaspace       used 65442K, committed 66176K, reserved 1114112K
  class space    used 9129K, committed 9472K, reserved 1048576K
}
Event: 12.175 GC heap before
{Heap before GC invocations=16 (full 0):
 garbage-first heap   total 66560K, used 57656K [0x00000000a2c00000, 0x0000000100000000)
  region size 1024K, 30 young (30720K), 4 survivors (4096K)
 Metaspace       used 68509K, committed 69376K, reserved 1114112K
  class space    used 9603K, committed 9984K, reserved 1048576K
}
Event: 12.180 GC heap after
{Heap after GC invocations=17 (full 0):
 garbage-first heap   total 66560K, used 34052K [0x00000000a2c00000, 0x0000000100000000)
  region size 1024K, 3 young (3072K), 3 survivors (3072K)
 Metaspace       used 68509K, committed 69376K, reserved 1114112K
  class space    used 9603K, committed 9984K, reserved 1048576K
}
Event: 120.265 GC heap before
{Heap before GC invocations=17 (full 0):
 garbage-first heap   total 66560K, used 58628K [0x00000000a2c00000, 0x0000000100000000)
  region size 1024K, 27 young (27648K), 3 survivors (3072K)
 Metaspace       used 70658K, committed 71488K, reserved 1114112K
  class space    used 9902K, committed 10304K, reserved 1048576K
}
Event: 120.322 GC heap after
{Heap after GC invocations=18 (full 0):
 garbage-first heap   total 66560K, used 35234K [0x00000000a2c00000, 0x0000000100000000)
  region size 1024K, 2 young (2048K), 2 survivors (2048K)
 Metaspace       used 70658K, committed 71488K, reserved 1114112K
  class space    used 9902K, committed 10304K, reserved 1048576K
}
Event: 407.712 GC heap before
{Heap before GC invocations=19 (full 0):
 garbage-first heap   total 66560K, used 59810K [0x00000000a2c00000, 0x0000000100000000)
  region size 1024K, 26 young (26624K), 2 survivors (2048K)
 Metaspace       used 71107K, committed 72000K, reserved 1114112K
  class space    used 9961K, committed 10368K, reserved 1048576K
}
Event: 407.765 GC heap after
{Heap after GC invocations=20 (full 0):
 garbage-first heap   total 66560K, used 34934K [0x00000000a2c00000, 0x0000000100000000)
  region size 1024K, 2 young (2048K), 2 survivors (2048K)
 Metaspace       used 71107K, committed 72000K, reserved 1114112K
  class space    used 9961K, committed 10368K, reserved 1048576K
}
Event: 765.331 GC heap before
{Heap before GC invocations=20 (full 0):
 garbage-first heap   total 66560K, used 59510K [0x00000000a2c00000, 0x0000000100000000)
  region size 1024K, 26 young (26624K), 2 survivors (2048K)
 Metaspace       used 71107K, committed 72000K, reserved 1114112K
  class space    used 9961K, committed 10368K, reserved 1048576K
}
Event: 765.481 GC heap after
{Heap after GC invocations=21 (full 0):
 garbage-first heap   total 66560K, used 33122K [0x00000000a2c00000, 0x0000000100000000)
  region size 1024K, 2 young (2048K), 2 survivors (2048K)
 Metaspace       used 71107K, committed 72000K, reserved 1114112K
  class space    used 9961K, committed 10368K, reserved 1048576K
}
Event: 1139.530 GC heap before
{Heap before GC invocations=21 (full 0):
 garbage-first heap   total 66560K, used 58722K [0x00000000a2c00000, 0x0000000100000000)
  region size 1024K, 27 young (27648K), 2 survivors (2048K)
 Metaspace       used 71107K, committed 72000K, reserved 1114112K
  class space    used 9961K, committed 10368K, reserved 1048576K
}
Event: 1139.714 GC heap after
{Heap after GC invocations=22 (full 0):
 garbage-first heap   total 66560K, used 33051K [0x00000000a2c00000, 0x0000000100000000)
  region size 1024K, 2 young (2048K), 2 survivors (2048K)
 Metaspace       used 71107K, committed 72000K, reserved 1114112K
  class space    used 9961K, committed 10368K, reserved 1048576K
}
Event: 1507.255 GC heap before
{Heap before GC invocations=23 (full 0):
 garbage-first heap   total 66560K, used 58651K [0x00000000a2c00000, 0x0000000100000000)
  region size 1024K, 27 young (27648K), 2 survivors (2048K)
 Metaspace       used 71058K, committed 72000K, reserved 1114112K
  class space    used 9947K, committed 10368K, reserved 1048576K
}
Event: 1507.312 GC heap after
{Heap after GC invocations=24 (full 0):
 garbage-first heap   total 66560K, used 33214K [0x00000000a2c00000, 0x0000000100000000)
  region size 1024K, 2 young (2048K), 2 survivors (2048K)
 Metaspace       used 71058K, committed 72000K, reserved 1114112K
  class space    used 9947K, committed 10368K, reserved 1048576K
}
Event: 1805.854 GC heap before
{Heap before GC invocations=24 (full 0):
 garbage-first heap   total 66560K, used 57790K [0x00000000a2c00000, 0x0000000100000000)
  region size 1024K, 27 young (27648K), 2 survivors (2048K)
 Metaspace       used 71087K, committed 72000K, reserved 1114112K
  class space    used 9952K, committed 10368K, reserved 1048576K
}
Event: 1805.896 GC heap after
{Heap after GC invocations=25 (full 0):
 garbage-first heap   total 66560K, used 31888K [0x00000000a2c00000, 0x0000000100000000)
  region size 1024K, 2 young (2048K), 2 survivors (2048K)
 Metaspace       used 71087K, committed 72000K, reserved 1114112K
  class space    used 9952K, committed 10368K, reserved 1048576K
}
Event: 2075.751 GC heap before
{Heap before GC invocations=25 (full 0):
 garbage-first heap   total 66560K, used 50320K [0x00000000a2c00000, 0x0000000100000000)
  region size 1024K, 21 young (21504K), 2 survivors (2048K)
 Metaspace       used 71237K, committed 72000K, reserved 1114112K
  class space    used 9991K, committed 10368K, reserved 1048576K
}

